{"D:\\University\\soft2\\project\\api_node\\app.js": {"path":"D:\\University\\soft2\\project\\api_node\\app.js","statementMap":{"0":{"start":{"line":2,"column":16},"end":{"line":2,"column":34}},"1":{"start":{"line":3,"column":17},"end":{"line":3,"column":36}},"2":{"start":{"line":4,"column":19},"end":{"line":4,"column":60}},"3":{"start":{"line":5,"column":22},"end":{"line":5,"column":66}},"4":{"start":{"line":6,"column":15},"end":{"line":6,"column":41}},"5":{"start":{"line":7,"column":12},"end":{"line":7,"column":21}},"6":{"start":{"line":8,"column":0},"end":{"line":8,"column":24}},"7":{"start":{"line":10,"column":0},"end":{"line":17,"column":49}},"8":{"start":{"line":16,"column":14},"end":{"line":16,"column":46}},"9":{"start":{"line":17,"column":18},"end":{"line":17,"column":47}},"10":{"start":{"line":19,"column":0},"end":{"line":19,"column":28}},"11":{"start":{"line":20,"column":0},"end":{"line":20,"column":31}},"12":{"start":{"line":22,"column":0},"end":{"line":24,"column":3}},"13":{"start":{"line":23,"column":2},"end":{"line":23,"column":70}},"14":{"start":{"line":25,"column":0},"end":{"line":25,"column":21}}},"fnMap":{"0":{"name":"(anonymous_0)","decl":{"start":{"line":16,"column":8},"end":{"line":16,"column":9}},"loc":{"start":{"line":16,"column":14},"end":{"line":16,"column":46}},"line":16},"1":{"name":"(anonymous_1)","decl":{"start":{"line":17,"column":9},"end":{"line":17,"column":10}},"loc":{"start":{"line":17,"column":18},"end":{"line":17,"column":47}},"line":17},"2":{"name":"(anonymous_2)","decl":{"start":{"line":22,"column":28},"end":{"line":22,"column":29}},"loc":{"start":{"line":22,"column":34},"end":{"line":24,"column":1}},"line":22}},"branchMap":{},"s":{"0":1,"1":1,"2":1,"3":1,"4":1,"5":1,"6":1,"7":1,"8":1,"9":0,"10":1,"11":1,"12":1,"13":1,"14":1},"f":{"0":1,"1":0,"2":1},"b":{},"_coverageSchema":"1a1c01bbd47fc00a2c39e90264f33305004495a9","hash":"26cb7dd2a9b372e9110a82bc971bc1ca58a4b01c"}
,"D:\\University\\soft2\\project\\api_node\\constants.js": {"path":"D:\\University\\soft2\\project\\api_node\\constants.js","statementMap":{"0":{"start":{"line":1,"column":12},"end":{"line":1,"column":42}},"1":{"start":{"line":3,"column":30},"end":{"line":3,"column":36}},"2":{"start":{"line":4,"column":32},"end":{"line":4,"column":41}},"3":{"start":{"line":7,"column":0},"end":{"line":10,"column":1}}},"fnMap":{},"branchMap":{},"s":{"0":2,"1":2,"2":2,"3":2},"f":{},"b":{},"_coverageSchema":"1a1c01bbd47fc00a2c39e90264f33305004495a9","hash":"f2489c9211c5b911d313df7cd948ec9d7af04362"}
,"D:\\University\\soft2\\project\\api_node\\controllers\\products_controller.js": {"path":"D:\\University\\soft2\\project\\api_node\\controllers\\products_controller.js","statementMap":{"0":{"start":{"line":1,"column":21},"end":{"line":1,"column":55}},"1":{"start":{"line":6,"column":3},"end":{"line":23,"column":1}},"2":{"start":{"line":7,"column":41},"end":{"line":7,"column":49}},"3":{"start":{"line":9,"column":20},"end":{"line":14,"column":6}},"4":{"start":{"line":16,"column":4},"end":{"line":16,"column":34}},"5":{"start":{"line":19,"column":4},"end":{"line":19,"column":51}},"6":{"start":{"line":20,"column":4},"end":{"line":20,"column":41}},"7":{"start":{"line":21,"column":4},"end":{"line":21,"column":63}},"8":{"start":{"line":28,"column":2},"end":{"line":33,"column":3}},"9":{"start":{"line":29,"column":21},"end":{"line":29,"column":46}},"10":{"start":{"line":30,"column":4},"end":{"line":30,"column":37}},"11":{"start":{"line":32,"column":4},"end":{"line":32,"column":88}},"12":{"start":{"line":36,"column":0},"end":{"line":41,"column":1}}},"fnMap":{"0":{"name":"add_product","decl":{"start":{"line":5,"column":15},"end":{"line":5,"column":26}},"loc":{"start":{"line":5,"column":37},"end":{"line":24,"column":1}},"line":5},"1":{"name":"get_all_products","decl":{"start":{"line":27,"column":15},"end":{"line":27,"column":31}},"loc":{"start":{"line":27,"column":42},"end":{"line":34,"column":1}},"line":27}},"branchMap":{},"s":{"0":1,"1":16,"2":16,"3":16,"4":15,"5":1,"6":1,"7":1,"8":2,"9":2,"10":2,"11":0,"12":1},"f":{"0":16,"1":2},"b":{},"_coverageSchema":"1a1c01bbd47fc00a2c39e90264f33305004495a9","hash":"0415e015d0ceffc0a5eee6e2ce267f4708e591e7"}
,"D:\\University\\soft2\\project\\api_node\\controllers\\users_controller.js": {"path":"D:\\University\\soft2\\project\\api_node\\controllers\\users_controller.js","statementMap":{"0":{"start":{"line":1,"column":18},"end":{"line":1,"column":49}},"1":{"start":{"line":2,"column":12},"end":{"line":2,"column":35}},"2":{"start":{"line":6,"column":2},"end":{"line":33,"column":3}},"3":{"start":{"line":7,"column":32},"end":{"line":7,"column":40}},"4":{"start":{"line":9,"column":17},"end":{"line":9,"column":51}},"5":{"start":{"line":10,"column":4},"end":{"line":12,"column":5}},"6":{"start":{"line":11,"column":6},"end":{"line":11,"column":74}},"7":{"start":{"line":14,"column":20},"end":{"line":14,"column":45}},"8":{"start":{"line":15,"column":4},"end":{"line":17,"column":5}},"9":{"start":{"line":16,"column":6},"end":{"line":16,"column":70}},"10":{"start":{"line":20,"column":20},"end":{"line":20,"column":55}},"11":{"start":{"line":21,"column":18},"end":{"line":24,"column":5}},"12":{"start":{"line":27,"column":4},"end":{"line":29,"column":7}},"13":{"start":{"line":32,"column":4},"end":{"line":32,"column":76}},"14":{"start":{"line":37,"column":2},"end":{"line":77,"column":3}},"15":{"start":{"line":45,"column":8},"end":{"line":45,"column":16}},"16":{"start":{"line":47,"column":4},"end":{"line":47,"column":34}},"17":{"start":{"line":48,"column":4},"end":{"line":48,"column":47}},"18":{"start":{"line":51,"column":25},"end":{"line":51,"column":59}},"19":{"start":{"line":52,"column":4},"end":{"line":54,"column":5}},"20":{"start":{"line":53,"column":6},"end":{"line":53,"column":71}},"21":{"start":{"line":57,"column":20},"end":{"line":64,"column":6}},"22":{"start":{"line":66,"column":4},"end":{"line":66,"column":25}},"23":{"start":{"line":69,"column":20},"end":{"line":69,"column":61}},"24":{"start":{"line":70,"column":18},"end":{"line":70,"column":59}},"25":{"start":{"line":72,"column":4},"end":{"line":72,"column":43}},"26":{"start":{"line":75,"column":4},"end":{"line":75,"column":51}},"27":{"start":{"line":76,"column":4},"end":{"line":76,"column":83}},"28":{"start":{"line":83,"column":2},"end":{"line":83,"column":49}},"29":{"start":{"line":84,"column":2},"end":{"line":84,"column":25}},"30":{"start":{"line":94,"column":0},"end":{"line":100,"column":1}}},"fnMap":{"0":{"name":"login","decl":{"start":{"line":5,"column":15},"end":{"line":5,"column":20}},"loc":{"start":{"line":5,"column":31},"end":{"line":34,"column":1}},"line":5},"1":{"name":"signup","decl":{"start":{"line":36,"column":15},"end":{"line":36,"column":21}},"loc":{"start":{"line":36,"column":32},"end":{"line":78,"column":1}},"line":36},"2":{"name":"getUsers","decl":{"start":{"line":82,"column":15},"end":{"line":82,"column":23}},"loc":{"start":{"line":82,"column":34},"end":{"line":87,"column":1}},"line":82}},"branchMap":{"0":{"loc":{"start":{"line":10,"column":4},"end":{"line":12,"column":5}},"type":"if","locations":[{"start":{"line":10,"column":4},"end":{"line":12,"column":5}},{"start":{},"end":{}}],"line":10},"1":{"loc":{"start":{"line":15,"column":4},"end":{"line":17,"column":5}},"type":"if","locations":[{"start":{"line":15,"column":4},"end":{"line":17,"column":5}},{"start":{},"end":{}}],"line":15},"2":{"loc":{"start":{"line":52,"column":4},"end":{"line":54,"column":5}},"type":"if","locations":[{"start":{"line":52,"column":4},"end":{"line":54,"column":5}},{"start":{},"end":{}}],"line":52}},"s":{"0":1,"1":1,"2":19,"3":19,"4":19,"5":19,"6":2,"7":17,"8":17,"9":1,"10":16,"11":16,"12":16,"13":0,"14":8,"15":8,"16":7,"17":7,"18":7,"19":7,"20":1,"21":6,"22":6,"23":6,"24":6,"25":6,"26":1,"27":1,"28":1,"29":1,"30":1},"f":{"0":19,"1":8,"2":1},"b":{"0":[2,17],"1":[1,16],"2":[1,6]},"_coverageSchema":"1a1c01bbd47fc00a2c39e90264f33305004495a9","hash":"3e0f7500d4c1ca1c15e7ec240135f79231e0fb55"}
,"D:\\University\\soft2\\project\\api_node\\middleware\\auth_middleware.js": {"path":"D:\\University\\soft2\\project\\api_node\\middleware\\auth_middleware.js","statementMap":{"0":{"start":{"line":1,"column":12},"end":{"line":1,"column":35}},"1":{"start":{"line":2,"column":18},"end":{"line":2,"column":49}},"2":{"start":{"line":5,"column":21},"end":{"line":5,"column":49}},"3":{"start":{"line":6,"column":16},"end":{"line":6,"column":54}},"4":{"start":{"line":9,"column":2},"end":{"line":11,"column":4}},"5":{"start":{"line":9,"column":20},"end":{"line":11,"column":4}},"6":{"start":{"line":13,"column":2},"end":{"line":20,"column":4}},"7":{"start":{"line":14,"column":4},"end":{"line":14,"column":49}},"8":{"start":{"line":15,"column":4},"end":{"line":15,"column":39}},"9":{"start":{"line":15,"column":12},"end":{"line":15,"column":39}},"10":{"start":{"line":17,"column":4},"end":{"line":17,"column":28}},"11":{"start":{"line":18,"column":4},"end":{"line":18,"column":11}},"12":{"start":{"line":23,"column":0},"end":{"line":23,"column":35}}},"fnMap":{"0":{"name":"authunticateToken","decl":{"start":{"line":4,"column":9},"end":{"line":4,"column":26}},"loc":{"start":{"line":4,"column":43},"end":{"line":21,"column":1}},"line":4},"1":{"name":"(anonymous_1)","decl":{"start":{"line":13,"column":45},"end":{"line":13,"column":46}},"loc":{"start":{"line":13,"column":66},"end":{"line":20,"column":3}},"line":13}},"branchMap":{"0":{"loc":{"start":{"line":6,"column":16},"end":{"line":6,"column":54}},"type":"binary-expr","locations":[{"start":{"line":6,"column":16},"end":{"line":6,"column":26}},{"start":{"line":6,"column":30},"end":{"line":6,"column":54}}],"line":6},"1":{"loc":{"start":{"line":9,"column":2},"end":{"line":11,"column":4}},"type":"if","locations":[{"start":{"line":9,"column":2},"end":{"line":11,"column":4}},{"start":{},"end":{}}],"line":9},"2":{"loc":{"start":{"line":15,"column":4},"end":{"line":15,"column":39}},"type":"if","locations":[{"start":{"line":15,"column":4},"end":{"line":15,"column":39}},{"start":{},"end":{}}],"line":15}},"s":{"0":2,"1":2,"2":23,"3":23,"4":23,"5":1,"6":22,"7":22,"8":22,"9":2,"10":20,"11":20,"12":2},"f":{"0":23,"1":22},"b":{"0":[23,22],"1":[1,22],"2":[2,20]},"_coverageSchema":"1a1c01bbd47fc00a2c39e90264f33305004495a9","hash":"ff1ef5efb12413920364661493dfb70252b53bae"}
,"D:\\University\\soft2\\project\\api_node\\models\\product_model.js": {"path":"D:\\University\\soft2\\project\\api_node\\models\\product_model.js","statementMap":{"0":{"start":{"line":1,"column":16},"end":{"line":1,"column":34}},"1":{"start":{"line":2,"column":17},"end":{"line":2,"column":36}},"2":{"start":{"line":3,"column":24},"end":{"line":3,"column":47}},"3":{"start":{"line":4,"column":23},"end":{"line":31,"column":2}},"4":{"start":{"line":33,"column":22},"end":{"line":33,"column":94}},"5":{"start":{"line":35,"column":0},"end":{"line":35,"column":31}}},"fnMap":{},"branchMap":{},"s":{"0":1,"1":1,"2":1,"3":1,"4":1,"5":1},"f":{},"b":{},"_coverageSchema":"1a1c01bbd47fc00a2c39e90264f33305004495a9","hash":"e556e5cf57b31b6aaa3f71e351f28b2071af40a8"}
,"D:\\University\\soft2\\project\\api_node\\models\\user_model.js": {"path":"D:\\University\\soft2\\project\\api_node\\models\\user_model.js","statementMap":{"0":{"start":{"line":1,"column":16},"end":{"line":1,"column":34}},"1":{"start":{"line":2,"column":17},"end":{"line":2,"column":36}},"2":{"start":{"line":3,"column":32},"end":{"line":3,"column":55}},"3":{"start":{"line":5,"column":20},"end":{"line":34,"column":2}},"4":{"start":{"line":36,"column":19},"end":{"line":36,"column":70}},"5":{"start":{"line":38,"column":0},"end":{"line":38,"column":28}}},"fnMap":{},"branchMap":{},"s":{"0":2,"1":2,"2":2,"3":2,"4":2,"5":2},"f":{},"b":{},"_coverageSchema":"1a1c01bbd47fc00a2c39e90264f33305004495a9","hash":"3e07bb676d0dbadcc2933bf63a74ad28f3a315f9"}
,"D:\\University\\soft2\\project\\api_node\\routes\\endpoints.js": {"path":"D:\\University\\soft2\\project\\api_node\\routes\\endpoints.js","statementMap":{"0":{"start":{"line":2,"column":26},"end":{"line":2,"column":34}},"1":{"start":{"line":3,"column":27},"end":{"line":3,"column":36}},"2":{"start":{"line":4,"column":26},"end":{"line":4,"column":34}},"3":{"start":{"line":5,"column":29},"end":{"line":5,"column":40}},"4":{"start":{"line":9,"column":0},"end":{"line":9,"column":25}}},"fnMap":{},"branchMap":{},"s":{"0":1,"1":1,"2":1,"3":1,"4":1},"f":{},"b":{},"_coverageSchema":"1a1c01bbd47fc00a2c39e90264f33305004495a9","hash":"19c3b2b90fdef3ad821e386f8348f91fada8872f"}
,"D:\\University\\soft2\\project\\api_node\\routes\\product_routes.js": {"path":"D:\\University\\soft2\\project\\api_node\\routes\\product_routes.js","statementMap":{"0":{"start":{"line":1,"column":16},"end":{"line":1,"column":34}},"1":{"start":{"line":2,"column":15},"end":{"line":2,"column":31}},"2":{"start":{"line":3,"column":19},"end":{"line":3,"column":64}},"3":{"start":{"line":4,"column":26},"end":{"line":4,"column":66}},"4":{"start":{"line":5,"column":18},"end":{"line":5,"column":48}},"5":{"start":{"line":8,"column":0},"end":{"line":8,"column":83}},"6":{"start":{"line":11,"column":0},"end":{"line":11,"column":87}},"7":{"start":{"line":15,"column":0},"end":{"line":15,"column":24}}},"fnMap":{},"branchMap":{},"s":{"0":1,"1":1,"2":1,"3":1,"4":1,"5":1,"6":1,"7":1},"f":{},"b":{},"_coverageSchema":"1a1c01bbd47fc00a2c39e90264f33305004495a9","hash":"7863f18b79d5bbadda1ad1429941712211611f45"}
,"D:\\University\\soft2\\project\\api_node\\routes\\user_routes.js": {"path":"D:\\University\\soft2\\project\\api_node\\routes\\user_routes.js","statementMap":{"0":{"start":{"line":1,"column":16},"end":{"line":1,"column":34}},"1":{"start":{"line":2,"column":15},"end":{"line":2,"column":31}},"2":{"start":{"line":3,"column":19},"end":{"line":3,"column":61}},"3":{"start":{"line":4,"column":26},"end":{"line":4,"column":66}},"4":{"start":{"line":5,"column":18},"end":{"line":5,"column":48}},"5":{"start":{"line":8,"column":0},"end":{"line":8,"column":56}},"6":{"start":{"line":10,"column":0},"end":{"line":10,"column":57}},"7":{"start":{"line":12,"column":0},"end":{"line":12,"column":75}},"8":{"start":{"line":16,"column":0},"end":{"line":16,"column":24}}},"fnMap":{},"branchMap":{},"s":{"0":1,"1":1,"2":1,"3":1,"4":1,"5":1,"6":1,"7":1,"8":1},"f":{},"b":{},"_coverageSchema":"1a1c01bbd47fc00a2c39e90264f33305004495a9","hash":"ee0c4ba92452cef55fd477de11af3e30933f71d5"}
}
