TN:
SF:app.js
FN:16,(anonymous_0)
FN:17,(anonymous_1)
FN:22,(anonymous_2)
FNF:3
FNH:2
FNDA:1,(anonymous_0)
FNDA:0,(anonymous_1)
FNDA:1,(anonymous_2)
DA:2,1
DA:3,1
DA:4,1
DA:5,1
DA:6,1
DA:7,1
DA:8,1
DA:10,1
DA:16,1
DA:17,0
DA:19,1
DA:20,1
DA:22,1
DA:23,1
DA:25,1
LF:15
LH:14
BRF:0
BRH:0
end_of_record
TN:
SF:constants.js
FNF:0
FNH:0
DA:1,2
DA:3,2
DA:4,2
DA:7,2
LF:4
LH:4
BRF:0
BRH:0
end_of_record
TN:
SF:controllers\products_controller.js
FN:5,add_product
FN:27,get_all_products
FNF:2
FNH:2
FNDA:16,add_product
FNDA:2,get_all_products
DA:1,1
DA:6,16
DA:7,16
DA:9,16
DA:16,15
DA:19,1
DA:20,1
DA:21,1
DA:28,2
DA:29,2
DA:30,2
DA:32,0
DA:36,1
LF:13
LH:12
BRF:0
BRH:0
end_of_record
TN:
SF:controllers\users_controller.js
FN:5,login
FN:36,signup
FN:82,getUsers
FNF:3
FNH:3
FNDA:19,login
FNDA:8,signup
FNDA:1,getUsers
DA:1,1
DA:2,1
DA:6,19
DA:7,19
DA:9,19
DA:10,19
DA:11,2
DA:14,17
DA:15,17
DA:16,1
DA:20,16
DA:21,16
DA:27,16
DA:32,0
DA:37,8
DA:45,8
DA:47,7
DA:48,7
DA:51,7
DA:52,7
DA:53,1
DA:57,6
DA:66,6
DA:69,6
DA:70,6
DA:72,6
DA:75,1
DA:76,1
DA:83,1
DA:84,1
DA:94,1
LF:31
LH:30
BRDA:10,0,0,2
BRDA:10,0,1,17
BRDA:15,1,0,1
BRDA:15,1,1,16
BRDA:52,2,0,1
BRDA:52,2,1,6
BRF:6
BRH:6
end_of_record
TN:
SF:middleware\auth_middleware.js
FN:4,authunticateToken
FN:13,(anonymous_1)
FNF:2
FNH:2
FNDA:23,authunticateToken
FNDA:22,(anonymous_1)
DA:1,2
DA:2,2
DA:5,23
DA:6,23
DA:9,23
DA:13,22
DA:14,22
DA:15,22
DA:17,20
DA:18,20
DA:23,2
LF:11
LH:11
BRDA:6,0,0,23
BRDA:6,0,1,22
BRDA:9,1,0,1
BRDA:9,1,1,22
BRDA:15,2,0,2
BRDA:15,2,1,20
BRF:6
BRH:6
end_of_record
TN:
SF:models\product_model.js
FNF:0
FNH:0
DA:1,1
DA:2,1
DA:3,1
DA:4,1
DA:33,1
DA:35,1
LF:6
LH:6
BRF:0
BRH:0
end_of_record
TN:
SF:models\user_model.js
FNF:0
FNH:0
DA:1,2
DA:2,2
DA:3,2
DA:5,2
DA:36,2
DA:38,2
LF:6
LH:6
BRF:0
BRH:0
end_of_record
TN:
SF:routes\endpoints.js
FNF:0
FNH:0
DA:2,1
DA:3,1
DA:4,1
DA:5,1
DA:9,1
LF:5
LH:5
BRF:0
BRH:0
end_of_record
TN:
SF:routes\product_routes.js
FNF:0
FNH:0
DA:1,1
DA:2,1
DA:3,1
DA:4,1
DA:5,1
DA:8,1
DA:11,1
DA:15,1
LF:8
LH:8
BRF:0
BRH:0
end_of_record
TN:
SF:routes\user_routes.js
FNF:0
FNH:0
DA:1,1
DA:2,1
DA:3,1
DA:4,1
DA:5,1
DA:8,1
DA:10,1
DA:12,1
DA:16,1
LF:9
LH:9
BRF:0
BRH:0
end_of_record
